# JRE version: Java(TM) SE Runtime Environment (8.0_51-b16) (build 1.8.0_51-b16)
# Java VM: Java HotSpot(TM) 64-Bit Server VM (25.51-b03 mixed mode windows-amd64 compressed oops)
Heap:
 PSYoungGen      total 282624K, used 147781K [0x00000000eab00000, 0x0000000100000000, 0x0000000100000000)
  eden space 220672K, 43% used [0x00000000eab00000,0x00000000f0933198,0x00000000f8280000)
  from space 61952K, 82% used [0x00000000f8280000,0x00000000fb49e378,0x00000000fbf00000)
  to   space 64512K, 0% used [0x00000000fc100000,0x00000000fc100000,0x0000000100000000)
 ParOldGen       total 357376K, used 241319K [0x00000000c0000000, 0x00000000d5d00000, 0x00000000eab00000)
  object space 357376K, 67% used [0x00000000c0000000,0x00000000ceba9ec0,0x00000000d5d00000)
 Metaspace       used 233410K, capacity 246248K, committed 246528K, reserved 1257472K
  class space    used 32551K, capacity 37458K, committed 37632K, reserved 1048576K
GC Heap History (10 events):
Event: 27105.352 GC heap before
{Heap before GC invocations=102 (full 26):
 PSYoungGen      total 279552K, used 162754K [0x00000000eab00000, 0x00000000ffe00000, 0x0000000100000000)
  eden space 223232K, 49% used [0x00000000eab00000,0x00000000f1743698,0x00000000f8500000)
  from space 56320K, 92% used [0x00000000f8500000,0x00000000fb7ad530,0x00000000fbc00000)
  to   space 60416K, 0% used [0x00000000fc300000,0x00000000fc300000,0x00000000ffe00000)
 ParOldGen       total 357376K, used 215036K [0x00000000c0000000, 0x00000000d5d00000, 0x00000000eab00000)
  object space 357376K, 60% used [0x00000000c0000000,0x00000000cd1ff390,0x00000000d5d00000)
 Metaspace       used 211026K, capacity 222478K, committed 223104K, reserved 1239040K
  class space    used 29379K, capacity 33767K, committed 34176K, reserved 1048576K
Event: 27105.431 GC heap after
Heap after GC invocations=102 (full 26):
 PSYoungGen      total 280576K, used 53958K [0x00000000eab00000, 0x0000000100000000, 0x0000000100000000)
  eden space 220160K, 0% used [0x00000000eab00000,0x00000000eab00000,0x00000000f8200000)
  from space 60416K, 89% used [0x00000000fc300000,0x00000000ff7b1aa8,0x00000000ffe00000)
  to   space 64512K, 0% used [0x00000000f8200000,0x00000000f8200000,0x00000000fc100000)
 ParOldGen       total 357376K, used 215044K [0x00000000c0000000, 0x00000000d5d00000, 0x00000000eab00000)
  object space 357376K, 60% used [0x00000000c0000000,0x00000000cd201390,0x00000000d5d00000)
 Metaspace       used 211026K, capacity 222478K, committed 223104K, reserved 1239040K
  class space    used 29379K, capacity 33767K, committed 34176K, reserved 1048576K
}
Event: 27105.431 GC heap before
{Heap before GC invocations=103 (full 27):
 PSYoungGen      total 280576K, used 53958K [0x00000000eab00000, 0x0000000100000000, 0x0000000100000000)
  eden space 220160K, 0% used [0x00000000eab00000,0x00000000eab00000,0x00000000f8200000)
  from space 60416K, 89% used [0x00000000fc300000,0x00000000ff7b1aa8,0x00000000ffe00000)
  to   space 64512K, 0% used [0x00000000f8200000,0x00000000f8200000,0x00000000fc100000)
 ParOldGen       total 357376K, used 215044K [0x00000000c0000000, 0x00000000d5d00000, 0x00000000eab00000)
  object space 357376K, 60% used [0x00000000c0000000,0x00000000cd201390,0x00000000d5d00000)
 Metaspace       used 211026K, capacity 222478K, committed 223104K, reserved 1239040K
  class space    used 29379K, capacity 33767K, committed 34176K, reserved 1048576K
Event: 27110.774 GC heap after
Heap after GC invocations=103 (full 27):
 PSYoungGen      total 280576K, used 0K [0x00000000eab00000, 0x0000000100000000, 0x0000000100000000)
  eden space 220160K, 0% used [0x00000000eab00000,0x00000000eab00000,0x00000000f8200000)
  from space 60416K, 0% used [0x00000000fc300000,0x00000000fc300000,0x00000000ffe00000)
  to   space 64512K, 0% used [0x00000000f8200000,0x00000000f8200000,0x00000000fc100000)
 ParOldGen       total 357376K, used 241311K [0x00000000c0000000, 0x00000000d5d00000, 0x00000000eab00000)
  object space 357376K, 67% used [0x00000000c0000000,0x00000000ceba7ec0,0x00000000d5d00000)
 Metaspace       used 210510K, capacity 221348K, committed 223104K, reserved 1239040K
  class space    used 29181K, capacity 33305K, committed 34176K, reserved 1048576K
}
Event: 27146.027 GC heap before
{Heap before GC invocations=104 (full 27):
 PSYoungGen      total 280576K, used 220160K [0x00000000eab00000, 0x0000000100000000, 0x0000000100000000)
  eden space 220160K, 100% used [0x00000000eab00000,0x00000000f8200000,0x00000000f8200000)
  from space 60416K, 0% used [0x00000000fc300000,0x00000000fc300000,0x00000000ffe00000)
  to   space 64512K, 0% used [0x00000000f8200000,0x00000000f8200000,0x00000000fc100000)
 ParOldGen       total 357376K, used 241311K [0x00000000c0000000, 0x00000000d5d00000, 0x00000000eab00000)
  object space 357376K, 67% used [0x00000000c0000000,0x00000000ceba7ec0,0x00000000d5d00000)
 Metaspace       used 217526K, capacity 228888K, committed 229888K, reserved 1245184K
  class space    used 30206K, capacity 34540K, committed 35072K, reserved 1048576K
Event: 27146.068 GC heap after
Heap after GC invocations=104 (full 27):
 PSYoungGen      total 284672K, used 25689K [0x00000000eab00000, 0x0000000100000000, 0x0000000100000000)
  eden space 220160K, 0% used [0x00000000eab00000,0x00000000eab00000,0x00000000f8200000)
  from space 64512K, 39% used [0x00000000f8200000,0x00000000f9b166c0,0x00000000fc100000)
  to   space 64000K, 0% used [0x00000000fc180000,0x00000000fc180000,0x0000000100000000)
 ParOldGen       total 357376K, used 241311K [0x00000000c0000000, 0x00000000d5d00000, 0x00000000eab00000)
  object space 357376K, 67% used [0x00000000c0000000,0x00000000ceba7ec0,0x00000000d5d00000)
 Metaspace       used 217526K, capacity 228888K, committed 229888K, reserved 1245184K
  class space    used 30206K, capacity 34540K, committed 35072K, reserved 1048576K
}
Event: 27165.769 GC heap before
{Heap before GC invocations=105 (full 27):
 PSYoungGen      total 284672K, used 245849K [0x00000000eab00000, 0x0000000100000000, 0x0000000100000000)
  eden space 220160K, 100% used [0x00000000eab00000,0x00000000f8200000,0x00000000f8200000)
  from space 64512K, 39% used [0x00000000f8200000,0x00000000f9b166c0,0x00000000fc100000)
  to   space 64000K, 0% used [0x00000000fc180000,0x00000000fc180000,0x0000000100000000)
 ParOldGen       total 357376K, used 241311K [0x00000000c0000000, 0x00000000d5d00000, 0x00000000eab00000)
  object space 357376K, 67% used [0x00000000c0000000,0x00000000ceba7ec0,0x00000000d5d00000)
 Metaspace       used 224817K, capacity 236966K, committed 237568K, reserved 1251328K
  class space    used 31279K, capacity 35913K, committed 36352K, reserved 1048576K
Event: 27165.828 GC heap after
Heap after GC invocations=105 (full 27):
 PSYoungGen      total 280064K, used 39210K [0x00000000eab00000, 0x00000000ffb80000, 0x0000000100000000)
  eden space 220672K, 0% used [0x00000000eab00000,0x00000000eab00000,0x00000000f8280000)
  from space 59392K, 66% used [0x00000000fc180000,0x00000000fe7ca960,0x00000000ffb80000)
  to   space 61952K, 0% used [0x00000000f8280000,0x00000000f8280000,0x00000000fbf00000)
 ParOldGen       total 357376K, used 241311K [0x00000000c0000000, 0x00000000d5d00000, 0x00000000eab00000)
  object space 357376K, 67% used [0x00000000c0000000,0x00000000ceba7ec0,0x00000000d5d00000)
 Metaspace       used 224817K, capacity 236966K, committed 237568K, reserved 1251328K
  class space    used 31279K, capacity 35913K, committed 36352K, reserved 1048576K
}
Event: 27325.224 GC heap before
{Heap before GC invocations=106 (full 27):
 PSYoungGen      total 280064K, used 259882K [0x00000000eab00000, 0x00000000ffb80000, 0x0000000100000000)
  eden space 220672K, 100% used [0x00000000eab00000,0x00000000f8280000,0x00000000f8280000)
  from space 59392K, 66% used [0x00000000fc180000,0x00000000fe7ca960,0x00000000ffb80000)
  to   space 61952K, 0% used [0x00000000f8280000,0x00000000f8280000,0x00000000fbf00000)
 ParOldGen       total 357376K, used 241311K [0x00000000c0000000, 0x00000000d5d00000, 0x00000000eab00000)
  object space 357376K, 67% used [0x00000000c0000000,0x00000000ceba7ec0,0x00000000d5d00000)
 Metaspace       used 231905K, capacity 244662K, committed 245120K, reserved 1257472K
  class space    used 32322K, capacity 37222K, committed 37504K, reserved 1048576K
Event: 27325.297 GC heap after
Heap after GC invocations=106 (full 27):
 PSYoungGen      total 282624K, used 51320K [0x00000000eab00000, 0x0000000100000000, 0x0000000100000000)
  eden space 220672K, 0% used [0x00000000eab00000,0x00000000eab00000,0x00000000f8280000)
  from space 61952K, 82% used [0x00000000f8280000,0x00000000fb49e378,0x00000000fbf00000)
  to   space 64512K, 0% used [0x00000000fc100000,0x00000000fc100000,0x0000000100000000)
 ParOldGen       total 357376K, used 241319K [0x00000000c0000000, 0x00000000d5d00000, 0x00000000eab00000)
  object space 357376K, 67% used [0x00000000c0000000,0x00000000ceba9ec0,0x00000000d5d00000)
 Metaspace       used 231905K, capacity 244662K, committed 245120K, reserved 1257472K
  class space    used 32322K, capacity 37222K, committed 37504K, reserved 1048576K
}

